<?xml version="1.0" encoding="UTF-8"?>
<!-- Generated by org.testng.reporters.JUnitXMLReporter -->
<testsuite ignored="0" hostname="sidharth" failures="0" tests="3" name="Default test" time="11.441" errors="0" timestamp="2021-09-26T11:58:33 IST">
  <testcase classname="veteo_LM.vetero_Datadriven" name="data_driven" time="6.804"/>
  <testcase classname="veteo_LM.vetero_Datadriven" name="data_driven" time="0.188"/>
  <testcase classname="veteo_LM.vetero_Datadriven" name="data_driven" time="0.231"/>
</testsuite> <!-- Default test -->
