<?xml version="1.0" encoding="UTF-8"?>
<testng-results ignored="0" total="1" passed="1" failed="0" skipped="0">
  <reporter-output>
  </reporter-output>
  <suite started-at="2021-10-23T22:39:33 IST" name="Default suite" finished-at="2021-10-23T22:39:40 IST" duration-ms="6455">
    <groups>
    </groups>
    <test started-at="2021-10-23T22:39:33 IST" name="Default test" finished-at="2021-10-23T22:39:40 IST" duration-ms="6455">
      <class name="TestCases.Delet_emp">
        <test-method signature="setup()[pri:0, instance:TestCases.Delet_emp@4de4b452]" started-at="2021-10-23T22:39:34 IST" name="setup" finished-at="2021-10-23T22:39:40 IST" duration-ms="6326" status="PASS">
          <reporter-output>
          </reporter-output>
        </test-method> <!-- setup -->
      </class> <!-- TestCases.Delet_emp -->
    </test> <!-- Default test -->
  </suite> <!-- Default suite -->
</testng-results>
