<?xml version="1.0" encoding="UTF-8"?>
<testng-results ignored="0" total="3" passed="3" failed="0" skipped="0">
  <reporter-output>
  </reporter-output>
  <suite started-at="2021-09-26T11:58:21 IST" name="Default suite" finished-at="2021-09-26T11:58:33 IST" duration-ms="11441">
    <groups>
    </groups>
    <test started-at="2021-09-26T11:58:21 IST" name="Default test" finished-at="2021-09-26T11:58:33 IST" duration-ms="11441">
      <class name="veteo_LM.vetero_Datadriven">
        <test-method signature="data_driven(java.lang.String, java.lang.String, java.lang.String)[pri:0, instance:veteo_LM.vetero_Datadriven@4bb33f74]" started-at="2021-09-26T11:58:25 IST" name="data_driven" data-provider="userdataprovider" finished-at="2021-09-26T11:58:32 IST" duration-ms="6804" status="PASS">
          <params>
            <param index="0">
              <value>
                <![CDATA[Hari]]>
              </value>
            </param>
            <param index="1">
              <value>
                <![CDATA[das]]>
              </value>
            </param>
            <param index="2">
              <value>
                <![CDATA[2]]>
              </value>
            </param>
          </params>
          <reporter-output>
          </reporter-output>
        </test-method> <!-- data_driven -->
        <test-method signature="data_driven(java.lang.String, java.lang.String, java.lang.String)[pri:0, instance:veteo_LM.vetero_Datadriven@4bb33f74]" started-at="2021-09-26T11:58:32 IST" name="data_driven" data-provider="userdataprovider" finished-at="2021-09-26T11:58:32 IST" duration-ms="188" status="PASS">
          <params>
            <param index="0">
              <value>
                <![CDATA[Ramesh]]>
              </value>
            </param>
            <param index="1">
              <value>
                <![CDATA[sahoo]]>
              </value>
            </param>
            <param index="2">
              <value>
                <![CDATA[2]]>
              </value>
            </param>
          </params>
          <reporter-output>
          </reporter-output>
        </test-method> <!-- data_driven -->
        <test-method signature="data_driven(java.lang.String, java.lang.String, java.lang.String)[pri:0, instance:veteo_LM.vetero_Datadriven@4bb33f74]" started-at="2021-09-26T11:58:32 IST" name="data_driven" data-provider="userdataprovider" finished-at="2021-09-26T11:58:33 IST" duration-ms="231" status="PASS">
          <params>
            <param index="0">
              <value>
                <![CDATA[Syama]]>
              </value>
            </param>
            <param index="1">
              <value>
                <![CDATA[behera]]>
              </value>
            </param>
            <param index="2">
              <value>
                <![CDATA[1]]>
              </value>
            </param>
          </params>
          <reporter-output>
          </reporter-output>
        </test-method> <!-- data_driven -->
      </class> <!-- veteo_LM.vetero_Datadriven -->
    </test> <!-- Default test -->
  </suite> <!-- Default suite -->
</testng-results>
